17:39:31.358 INFO [GridLauncherV3.parse] - Selenium server version: 3.141.59, revision: e82be7d358
17:39:31.416 INFO [GridLauncherV3.lambda$buildLaunchers$3] - Launching a standalone Selenium Server on port 4444
2021-03-01 17:39:31.462:INFO::main: Logging initialized @275ms to org.seleniumhq.jetty9.util.log.StdErrLog
17:39:31.623 INFO [WebDriverServlet.<init>] - Initialising WebDriverServlet
17:39:31.689 INFO [SeleniumServer.boot] - Selenium Server is up and running on port 4444
17:39:32.257 INFO [ActiveSessionFactory.apply] - Capabilities are: {
  "browserName": "chrome",
  "goog:chromeOptions": {
    "args": [
      "--headless",
      "--disable-gpu",
      "--no-sandbox"
    ]
  }
}
17:39:32.259 INFO [ActiveSessionFactory.lambda$apply$11] - Matched factory org.openqa.selenium.grid.session.remote.ServicedSession$Factory (provider: org.openqa.selenium.chrome.ChromeDriverService)
Starting ChromeDriver 88.0.4324.96 (68dba2d8a0b149a1d3afac56fa74648032bcf46b-refs/branch-heads/4324@{#1784}) on port 29941
Only local connections are allowed.
Please see https://chromedriver.chromium.org/security-considerations for suggestions on keeping ChromeDriver safe.
ChromeDriver was started successfully.
17:39:32.739 INFO [ProtocolHandshake.createSession] - Detected dialect: W3C
17:39:32.754 INFO [RemoteSession$Factory.lambda$performHandshake$0] - Started new session 275b39646aa1d7ed098d3071040a50b2 (org.openqa.selenium.chrome.ChromeDriverService)
17:39:36.782 INFO [ActiveSessions$1.onStop] - Removing session 275b39646aa1d7ed098d3071040a50b2 (org.openqa.selenium.chrome.ChromeDriverService)
